# JRE version: OpenJDK Runtime Environment (8.0_152-b01) (build 1.8.0_152-release-915-b01)
# Java VM: OpenJDK 64-Bit Server VM (25.152-b01 mixed mode linux-amd64 compressed oops)
Heap:
 PSYoungGen      total 467456K, used 0K [0x00000000e0000000, 0x0000000100000000, 0x0000000100000000)
  eden space 410624K, 0% used [0x00000000e0000000,0x00000000e0000000,0x00000000f9100000)
  from space 56832K, 0% used [0x00000000f9100000,0x00000000f9100000,0x00000000fc880000)
  to   space 55808K, 0% used [0x00000000fc980000,0x00000000fc980000,0x0000000100000000)
 ParOldGen       total 112128K, used 95890K [0x00000000a0000000, 0x00000000a6d80000, 0x00000000e0000000)
  object space 112128K, 85% used [0x00000000a0000000,0x00000000a5da4a20,0x00000000a6d80000)
 Metaspace       used 91999K, capacity 97016K, committed 97624K, reserved 1134592K
  class space    used 11641K, capacity 12869K, committed 12928K, reserved 1048576K
GC Heap History (10 events):
Event: 1093.566 GC heap after
Heap after GC invocations=18 (full 3):
 PSYoungGen      total 450560K, used 28554K [0x00000000e0000000, 0x0000000100000000, 0x0000000100000000)
  eden space 418816K, 0% used [0x00000000e0000000,0x00000000e0000000,0x00000000f9900000)
  from space 31744K, 89% used [0x00000000f9900000,0x00000000fb4e2b90,0x00000000fb800000)
  to   space 35328K, 0% used [0x00000000fdd80000,0x00000000fdd80000,0x0000000100000000)
 ParOldGen       total 112128K, used 61961K [0x00000000a0000000, 0x00000000a6d80000, 0x00000000e0000000)
  object space 112128K, 55% used [0x00000000a0000000,0x00000000a3c824c8,0x00000000a6d80000)
 Metaspace       used 88067K, capacity 93072K, committed 93144K, reserved 1130496K
  class space    used 11327K, capacity 12493K, committed 12544K, reserved 1048576K
}
Event: 1104.193 GC heap before
{Heap before GC invocations=19 (full 3):
 PSYoungGen      total 450560K, used 447370K [0x00000000e0000000, 0x0000000100000000, 0x0000000100000000)
  eden space 418816K, 100% used [0x00000000e0000000,0x00000000f9900000,0x00000000f9900000)
  from space 31744K, 89% used [0x00000000f9900000,0x00000000fb4e2b90,0x00000000fb800000)
  to   space 35328K, 0% used [0x00000000fdd80000,0x00000000fdd80000,0x0000000100000000)
 ParOldGen       total 112128K, used 61961K [0x00000000a0000000, 0x00000000a6d80000, 0x00000000e0000000)
  object space 112128K, 55% used [0x00000000a0000000,0x00000000a3c824c8,0x00000000a6d80000)
 Metaspace       used 91549K, capacity 96832K, committed 97112K, reserved 1134592K
  class space    used 11678K, capacity 12895K, committed 12928K, reserved 1048576K
Event: 1104.505 GC heap after
Heap after GC invocations=19 (full 3):
 PSYoungGen      total 472576K, used 35319K [0x00000000e0000000, 0x0000000100000000, 0x0000000100000000)
  eden space 437248K, 0% used [0x00000000e0000000,0x00000000e0000000,0x00000000fab00000)
  from space 35328K, 99% used [0x00000000fdd80000,0x00000000ffffdd80,0x0000000100000000)
  to   space 43520K, 0% used [0x00000000fab00000,0x00000000fab00000,0x00000000fd580000)
 ParOldGen       total 112128K, used 70046K [0x00000000a0000000, 0x00000000a6d80000, 0x00000000e0000000)
  object space 112128K, 62% used [0x00000000a0000000,0x00000000a4467980,0x00000000a6d80000)
 Metaspace       used 91549K, capacity 96832K, committed 97112K, reserved 1134592K
  class space    used 11678K, capacity 12895K, committed 12928K, reserved 1048576K
}
Event: 1108.604 GC heap before
{Heap before GC invocations=20 (full 3):
 PSYoungGen      total 472576K, used 472567K [0x00000000e0000000, 0x0000000100000000, 0x0000000100000000)
  eden space 437248K, 100% used [0x00000000e0000000,0x00000000fab00000,0x00000000fab00000)
  from space 35328K, 99% used [0x00000000fdd80000,0x00000000ffffdd80,0x0000000100000000)
  to   space 43520K, 0% used [0x00000000fab00000,0x00000000fab00000,0x00000000fd580000)
 ParOldGen       total 112128K, used 70046K [0x00000000a0000000, 0x00000000a6d80000, 0x00000000e0000000)
  object space 112128K, 62% used [0x00000000a0000000,0x00000000a4467980,0x00000000a6d80000)
 Metaspace       used 92001K, capacity 97252K, committed 97368K, reserved 1134592K
  class space    used 11679K, capacity 12927K, committed 12928K, reserved 1048576K
Event: 1108.765 GC heap after
Heap after GC invocations=20 (full 3):
 PSYoungGen      total 480768K, used 43508K [0x00000000e0000000, 0x0000000100000000, 0x0000000100000000)
  eden space 437248K, 0% used [0x00000000e0000000,0x00000000e0000000,0x00000000fab00000)
  from space 43520K, 99% used [0x00000000fab00000,0x00000000fd57d0e0,0x00000000fd580000)
  to   space 43520K, 0% used [0x00000000fd580000,0x00000000fd580000,0x0000000100000000)
 ParOldGen       total 112128K, used 77674K [0x00000000a0000000, 0x00000000a6d80000, 0x00000000e0000000)
  object space 112128K, 69% used [0x00000000a0000000,0x00000000a4bdaae8,0x00000000a6d80000)
 Metaspace       used 92001K, capacity 97252K, committed 97368K, reserved 1134592K
  class space    used 11679K, capacity 12927K, committed 12928K, reserved 1048576K
}
Event: 1113.753 GC heap before
{Heap before GC invocations=21 (full 3):
 PSYoungGen      total 480768K, used 480756K [0x00000000e0000000, 0x0000000100000000, 0x0000000100000000)
  eden space 437248K, 100% used [0x00000000e0000000,0x00000000fab00000,0x00000000fab00000)
  from space 43520K, 99% used [0x00000000fab00000,0x00000000fd57d0e0,0x00000000fd580000)
  to   space 43520K, 0% used [0x00000000fd580000,0x00000000fd580000,0x0000000100000000)
 ParOldGen       total 112128K, used 77674K [0x00000000a0000000, 0x00000000a6d80000, 0x00000000e0000000)
  object space 112128K, 69% used [0x00000000a0000000,0x00000000a4bdaae8,0x00000000a6d80000)
 Metaspace       used 92097K, capacity 97388K, committed 97624K, reserved 1134592K
  class space    used 11679K, capacity 12927K, committed 12928K, reserved 1048576K
Event: 1114.478 GC heap after
Heap after GC invocations=21 (full 3):
 PSYoungGen      total 454144K, used 41831K [0x00000000e0000000, 0x0000000100000000, 0x0000000100000000)
  eden space 410624K, 0% used [0x00000000e0000000,0x00000000e0000000,0x00000000f9100000)
  from space 43520K, 96% used [0x00000000fd580000,0x00000000ffe59e20,0x0000000100000000)
  to   space 56832K, 0% used [0x00000000f9100000,0x00000000f9100000,0x00000000fc880000)
 ParOldGen       total 112128K, used 85451K [0x00000000a0000000, 0x00000000a6d80000, 0x00000000e0000000)
  object space 112128K, 76% used [0x00000000a0000000,0x00000000a5372fc8,0x00000000a6d80000)
 Metaspace       used 92097K, capacity 97388K, committed 97624K, reserved 1134592K
  class space    used 11679K, capacity 12927K, committed 12928K, reserved 1048576K
}
Event: 1119.860 GC heap before
{Heap before GC invocations=22 (full 3):
 PSYoungGen      total 454144K, used 452455K [0x00000000e0000000, 0x0000000100000000, 0x0000000100000000)
  eden space 410624K, 100% used [0x00000000e0000000,0x00000000f9100000,0x00000000f9100000)
  from space 43520K, 96% used [0x00000000fd580000,0x00000000ffe59e20,0x0000000100000000)
  to   space 56832K, 0% used [0x00000000f9100000,0x00000000f9100000,0x00000000fc880000)
 ParOldGen       total 112128K, used 85451K [0x00000000a0000000, 0x00000000a6d80000, 0x00000000e0000000)
  object space 112128K, 76% used [0x00000000a0000000,0x00000000a5372fc8,0x00000000a6d80000)
 Metaspace       used 92112K, capacity 97388K, committed 97624K, reserved 1134592K
  class space    used 11679K, capacity 12927K, committed 12928K, reserved 1048576K
Event: 1121.806 GC heap after
Heap after GC invocations=22 (full 3):
 PSYoungGen      total 467456K, used 29067K [0x00000000e0000000, 0x0000000100000000, 0x0000000100000000)
  eden space 410624K, 0% used [0x00000000e0000000,0x00000000e0000000,0x00000000f9100000)
  from space 56832K, 51% used [0x00000000f9100000,0x00000000fad62cb0,0x00000000fc880000)
  to   space 55808K, 0% used [0x00000000fc980000,0x00000000fc980000,0x0000000100000000)
 ParOldGen       total 112128K, used 104215K [0x00000000a0000000, 0x00000000a6d80000, 0x00000000e0000000)
  object space 112128K, 92% used [0x00000000a0000000,0x00000000a65c5d58,0x00000000a6d80000)
 Metaspace       used 92112K, capacity 97388K, committed 97624K, reserved 1134592K
  class space    used 11679K, capacity 12927K, committed 12928K, reserved 1048576K
}
Event: 1122.197 GC heap before
{Heap before GC invocations=23 (full 4):
 PSYoungGen      total 467456K, used 29067K [0x00000000e0000000, 0x0000000100000000, 0x0000000100000000)
  eden space 410624K, 0% used [0x00000000e0000000,0x00000000e0000000,0x00000000f9100000)
  from space 56832K, 51% used [0x00000000f9100000,0x00000000fad62cb0,0x00000000fc880000)
  to   space 55808K, 0% used [0x00000000fc980000,0x00000000fc980000,0x0000000100000000)
 ParOldGen       total 112128K, used 104215K [0x00000000a0000000, 0x00000000a6d80000, 0x00000000e0000000)
  object space 112128K, 92% used [0x00000000a0000000,0x00000000a65c5d58,0x00000000a6d80000)
 Metaspace       used 92112K, capacity 97388K, committed 97624K, reserved 1134592K
  class space    used 11679K, capacity 12927K, committed 12928K, reserved 1048576K

